{"decision_id": "16968f90-8473-491b-80e9-0edcc9b8979c", "time": "2026-03-05T03:50:48.362139", "agent": "analytics_001", "action": "read_database", "risk": "LOW", "decision": "ALLOW", "signals": {"external": false, "sensitive": false, "policy_override": false}, "policy_version": "v1.0"}
{"decision_id": "ec60d490-7fc0-41e7-b16e-1fbc289a1693", "time": "2026-03-05T03:50:48.364599", "agent": "reporting_002", "action": "read_database", "risk": "LOW", "decision": "ALLOW", "signals": {"external": false, "sensitive": false, "policy_override": false}, "policy_version": "v1.0"}
{"decision_id": "c38877e0-d749-48b7-b7c6-43f82483d46b", "time": "2026-03-05T03:50:48.365225", "agent": "ingestion_003", "action": "read_database", "risk": "LOW", "decision": "ALLOW", "signals": {"external": false, "sensitive": false, "policy_override": false}, "policy_version": "v1.0"}
{"decision_id": "2aff17f2-f8d7-4617-aa1f-fb083b2144de", "time": "2026-03-05T03:50:48.365883", "agent": "cache_004", "action": "query_warehouse", "risk": "LOW", "decision": "ALLOW", "signals": {"external": false, "sensitive": false, "policy_override": false}, "policy_version": "v1.0"}
{"decision_id": "86e9633d-79cb-465c-99c8-07d553755b5f", "time": "2026-03-05T03:50:48.366485", "agent": "analytics_001", "action": "query_warehouse", "risk": "LOW", "decision": "ALLOW", "signals": {"external": false, "sensitive": false, "policy_override": false}, "policy_version": "v1.0"}
{"decision_id": "1a1a897d-f621-4c3a-bdc5-e17d89268095", "time": "2026-03-05T03:50:48.367206", "agent": "reporting_002", "action": "query_warehouse", "risk": "LOW", "decision": "ALLOW", "signals": {"external": false, "sensitive": false, "policy_override": false}, "policy_version": "v1.0"}
{"decision_id": "c15a0133-ed08-41e0-b516-1dae6de24623", "time": "2026-03-05T03:50:48.367719", "agent": "ingestion_003", "action": "read_config", "risk": "LOW", "decision": "ALLOW", "signals": {"external": false, "sensitive": false, "policy_override": false}, "policy_version": "v1.0"}
{"decision_id": "3bd1fee5-33cb-4955-984c-4e46495bd06e", "time": "2026-03-05T03:50:48.371425", "agent": "cache_004", "action": "read_config", "risk": "LOW", "decision": "ALLOW", "signals": {"external": false, "sensitive": false, "policy_override": false}, "policy_version": "v1.0"}
{"decision_id": "516e13d6-0b47-4a5f-b5ca-6f16870181b2", "time": "2026-03-05T03:50:48.372006", "agent": "analytics_001", "action": "read_config", "risk": "LOW", "decision": "ALLOW", "signals": {"external": false, "sensitive": false, "policy_override": false}, "policy_version": "v1.0"}
{"decision_id": "53e85ec3-f6cb-4c06-96fe-70507577b548", "time": "2026-03-05T03:50:48.372550", "agent": "reporting_002", "action": "read_logs", "risk": "LOW", "decision": "ALLOW", "signals": {"external": false, "sensitive": false, "policy_override": false}, "policy_version": "v1.0"}
{"decision_id": "9d409092-a7a2-43c7-b518-6d3f5300482d", "time": "2026-03-05T03:50:48.373076", "agent": "ingestion_003", "action": "read_logs", "risk": "LOW", "decision": "ALLOW", "signals": {"external": false, "sensitive": false, "policy_override": false}, "policy_version": "v1.0"}
{"decision_id": "7a8327f7-0095-4dc8-8b8d-2882b00a74fe", "time": "2026-03-05T03:50:48.373604", "agent": "cache_004", "action": "read_logs", "risk": "LOW", "decision": "ALLOW", "signals": {"external": false, "sensitive": false, "policy_override": false}, "policy_version": "v1.0"}
{"decision_id": "b4717cf3-0358-4ef6-ae14-fc4f5eae679c", "time": "2026-03-05T03:50:48.374059", "agent": "analytics_001", "action": "write_cache", "risk": "MEDIUM", "decision": "ALLOW", "signals": {"external": false, "sensitive": false, "policy_override": false}, "policy_version": "v1.0"}
{"decision_id": "e80419aa-1676-4202-bec0-868ff9dc4700", "time": "2026-03-05T03:50:48.374495", "agent": "reporting_002", "action": "write_cache", "risk": "MEDIUM", "decision": "ALLOW", "signals": {"external": false, "sensitive": false, "policy_override": false}, "policy_version": "v1.0"}
{"decision_id": "92e04afe-487a-4c30-92e0-0dc4af8c82dd", "time": "2026-03-05T03:50:48.374916", "agent": "ingestion_003", "action": "write_cache", "risk": "MEDIUM", "decision": "ALLOW", "signals": {"external": false, "sensitive": false, "policy_override": false}, "policy_version": "v1.0"}
{"decision_id": "2991ff61-7e63-435f-9064-b02b740b9558", "time": "2026-03-05T03:50:48.375459", "agent": "cache_004", "action": "update_metrics", "risk": "MEDIUM", "decision": "ALLOW", "signals": {"external": false, "sensitive": false, "policy_override": false}, "policy_version": "v1.0"}
{"decision_id": "debac642-bc40-4ef6-8837-b0336f9f5a39", "time": "2026-03-05T03:50:48.376596", "agent": "analytics_001", "action": "update_metrics", "risk": "MEDIUM", "decision": "ALLOW", "signals": {"external": false, "sensitive": false, "policy_override": false}, "policy_version": "v1.0"}
{"decision_id": "661a7e0e-bd0b-42ec-b1b2-aa5203742d59", "time": "2026-03-05T03:50:48.377939", "agent": "reporting_002", "action": "update_metrics", "risk": "MEDIUM", "decision": "ALLOW", "signals": {"external": false, "sensitive": false, "policy_override": false}, "policy_version": "v1.0"}
{"decision_id": "2589be31-03cd-4633-9877-1d42ff27f3f7", "time": "2026-03-05T03:50:48.378469", "agent": "ingestion_003", "action": "write_database", "risk": "HIGH", "decision": "REVIEW", "signals": {"external": false, "sensitive": true, "policy_override": false}, "policy_version": "v1.0"}
{"decision_id": "1deb8611-521e-4c95-bbbf-508f6bed9023", "time": "2026-03-05T03:50:48.380229", "agent": "cache_004", "action": "write_database", "risk": "HIGH", "decision": "REVIEW", "signals": {"external": false, "sensitive": true, "policy_override": false}, "policy_version": "v1.0"}
{"decision_id": "e3cc55c8-deb0-428f-a77f-978d83b8f392", "time": "2026-03-05T03:50:48.380951", "agent": "analytics_001", "action": "write_database", "risk": "HIGH", "decision": "REVIEW", "signals": {"external": false, "sensitive": true, "policy_override": false}, "policy_version": "v1.0"}
{"decision_id": "2e804c44-664a-4436-ab39-392feee6946c", "time": "2026-03-05T03:50:48.381563", "agent": "reporting_002", "action": "modify_policy", "risk": "CRITICAL", "decision": "HALT", "signals": {"external": false, "sensitive": true, "policy_override": false}, "policy_version": "v1.0"}
{"decision_id": "1cfdba9d-2f40-4c64-9831-5a1a8299609d", "time": "2026-03-05T03:50:48.382108", "agent": "ingestion_003", "action": "modify_policy", "risk": "CRITICAL", "decision": "HALT", "signals": {"external": false, "sensitive": true, "policy_override": false}, "policy_version": "v1.0"}
{"decision_id": "6c1f8472-26bc-47d3-a3d5-59623a50642d", "time": "2026-03-05T03:50:48.382589", "agent": "cache_004", "action": "modify_policy", "risk": "CRITICAL", "decision": "HALT", "signals": {"external": false, "sensitive": true, "policy_override": false}, "policy_version": "v1.0"}
{"decision_id": "573bde32-091e-4137-b451-722aef458f99", "time": "2026-03-05T03:50:48.383560", "agent": "analytics_001", "action": "read_database", "risk": "LOW", "decision": "ALLOW", "signals": {"external": false, "sensitive": false, "policy_override": false}, "policy_version": "v1.0"}
{"decision_id": "299bf09c-2c89-4c5f-afc6-5ec7500afc76", "time": "2026-03-05T03:50:48.385460", "agent": "reporting_002", "action": "read_database", "risk": "LOW", "decision": "ALLOW", "signals": {"external": false, "sensitive": false, "policy_override": false}, "policy_version": "v1.0"}
{"decision_id": "76201e05-9913-44f1-a70a-f9885cc4d58c", "time": "2026-03-05T03:50:48.386638", "agent": "ingestion_003", "action": "read_database", "risk": "LOW", "decision": "ALLOW", "signals": {"external": false, "sensitive": false, "policy_override": false}, "policy_version": "v1.0"}
{"decision_id": "16560cb1-9d86-4ec9-92ae-af7d99e925b5", "time": "2026-03-05T03:50:48.387511", "agent": "cache_004", "action": "query_warehouse", "risk": "LOW", "decision": "ALLOW", "signals": {"external": false, "sensitive": false, "policy_override": false}, "policy_version": "v1.0"}
{"decision_id": "c8132677-6cf8-43f7-9780-3d902e0ddec5", "time": "2026-03-05T03:50:48.388010", "agent": "analytics_001", "action": "query_warehouse", "risk": "LOW", "decision": "ALLOW", "signals": {"external": false, "sensitive": false, "policy_override": false}, "policy_version": "v1.0"}
{"decision_id": "8244016b-28c6-4e86-809e-6e9d2aaa79c7", "time": "2026-03-05T03:50:48.388531", "agent": "reporting_002", "action": "query_warehouse", "risk": "LOW", "decision": "ALLOW", "signals": {"external": false, "sensitive": false, "policy_override": false}, "policy_version": "v1.0"}
{"decision_id": "07ef3f5d-370a-4b4e-a891-9618d17963bc", "time": "2026-03-05T03:50:48.388988", "agent": "ingestion_003", "action": "read_config", "risk": "LOW", "decision": "ALLOW", "signals": {"external": false, "sensitive": false, "policy_override": false}, "policy_version": "v1.0"}
{"decision_id": "d5c1e40b-9a51-484e-9d5f-0aa46fb1d914", "time": "2026-03-05T03:50:48.389380", "agent": "cache_004", "action": "read_config", "risk": "LOW", "decision": "ALLOW", "signals": {"external": false, "sensitive": false, "policy_override": false}, "policy_version": "v1.0"}
{"decision_id": "87b2f929-524e-464b-831c-b45619091821", "time": "2026-03-05T03:50:48.389775", "agent": "analytics_001", "action": "read_config", "risk": "LOW", "decision": "ALLOW", "signals": {"external": false, "sensitive": false, "policy_override": false}, "policy_version": "v1.0"}
{"decision_id": "ba86d239-a5a2-40a8-a6a9-24ac1227b6f2", "time": "2026-03-05T03:50:48.390995", "agent": "reporting_002", "action": "read_logs", "risk": "LOW", "decision": "ALLOW", "signals": {"external": false, "sensitive": false, "policy_override": false}, "policy_version": "v1.0"}
{"decision_id": "865d2596-12da-49e7-ae46-065185843c8c", "time": "2026-03-05T03:50:48.391637", "agent": "ingestion_003", "action": "read_logs", "risk": "LOW", "decision": "ALLOW", "signals": {"external": false, "sensitive": false, "policy_override": false}, "policy_version": "v1.0"}
{"decision_id": "00c335a1-258b-4068-8099-5e6c79d564a8", "time": "2026-03-05T03:50:48.392456", "agent": "cache_004", "action": "read_logs", "risk": "LOW", "decision": "ALLOW", "signals": {"external": false, "sensitive": false, "policy_override": false}, "policy_version": "v1.0"}
{"decision_id": "3146329d-c661-4268-973a-7aa36563a6cb", "time": "2026-03-05T03:50:48.393080", "agent": "analytics_001", "action": "write_cache", "risk": "MEDIUM", "decision": "ALLOW", "signals": {"external": false, "sensitive": false, "policy_override": false}, "policy_version": "v1.0"}
{"decision_id": "c5650997-b7fe-4123-9ba4-de560e5d524a", "time": "2026-03-05T03:50:48.393632", "agent": "reporting_002", "action": "write_cache", "risk": "MEDIUM", "decision": "ALLOW", "signals": {"external": false, "sensitive": false, "policy_override": false}, "policy_version": "v1.0"}
{"decision_id": "0bf2e174-be71-4734-9002-b5275e755d50", "time": "2026-03-05T03:50:48.394120", "agent": "ingestion_003", "action": "write_cache", "risk": "MEDIUM", "decision": "ALLOW", "signals": {"external": false, "sensitive": false, "policy_override": false}, "policy_version": "v1.0"}
{"decision_id": "5ca56675-fe82-4112-a298-8331088823b3", "time": "2026-03-05T03:50:48.394597", "agent": "cache_004", "action": "update_metrics", "risk": "MEDIUM", "decision": "ALLOW", "signals": {"external": false, "sensitive": false, "policy_override": false}, "policy_version": "v1.0"}
{"decision_id": "876134a2-dbe8-4118-b142-e910d901f2df", "time": "2026-03-05T03:50:48.395112", "agent": "analytics_001", "action": "update_metrics", "risk": "MEDIUM", "decision": "ALLOW", "signals": {"external": false, "sensitive": false, "policy_override": false}, "policy_version": "v1.0"}
{"decision_id": "066d2dca-2850-4d1a-9016-929abbb0b982", "time": "2026-03-05T03:50:48.395521", "agent": "reporting_002", "action": "update_metrics", "risk": "MEDIUM", "decision": "ALLOW", "signals": {"external": false, "sensitive": false, "policy_override": false}, "policy_version": "v1.0"}
{"decision_id": "15d31036-a8cc-4baa-8788-9828b408ec4d", "time": "2026-03-05T03:50:48.395955", "agent": "ingestion_003", "action": "write_database", "risk": "HIGH", "decision": "REVIEW", "signals": {"external": false, "sensitive": true, "policy_override": false}, "policy_version": "v1.0"}
{"decision_id": "f6cbd13f-0136-457f-927c-e12a8df27e00", "time": "2026-03-05T03:50:48.396438", "agent": "cache_004", "action": "write_database", "risk": "HIGH", "decision": "REVIEW", "signals": {"external": false, "sensitive": true, "policy_override": false}, "policy_version": "v1.0"}
{"decision_id": "d7fc9933-208a-4ece-937d-d957120db4f0", "time": "2026-03-05T03:50:48.397213", "agent": "analytics_001", "action": "write_database", "risk": "HIGH", "decision": "REVIEW", "signals": {"external": false, "sensitive": true, "policy_override": false}, "policy_version": "v1.0"}
{"decision_id": "2b8bf1ba-ded8-465a-86a0-6dd59294f4ee", "time": "2026-03-05T03:50:48.397687", "agent": "reporting_002", "action": "modify_policy", "risk": "CRITICAL", "decision": "HALT", "signals": {"external": false, "sensitive": true, "policy_override": false}, "policy_version": "v1.0"}
{"decision_id": "6a99e55f-bd82-4132-a35d-419d648b2282", "time": "2026-03-05T03:50:48.398237", "agent": "ingestion_003", "action": "modify_policy", "risk": "CRITICAL", "decision": "HALT", "signals": {"external": false, "sensitive": true, "policy_override": false}, "policy_version": "v1.0"}
{"decision_id": "4d09b910-35e9-49fd-aa34-7b2d4586b2ad", "time": "2026-03-05T03:50:48.398659", "agent": "cache_004", "action": "modify_policy", "risk": "CRITICAL", "decision": "HALT", "signals": {"external": false, "sensitive": true, "policy_override": false}, "policy_version": "v1.0"}
{"decision_id": "d05928d0-84ae-4cfa-b8fb-f0bbba90dbd7", "time": "2026-03-05T03:50:48.399548", "agent": "analytics_001", "action": "read_database", "risk": "LOW", "decision": "ALLOW", "signals": {"external": false, "sensitive": false, "policy_override": false}, "policy_version": "v1.0"}
{"decision_id": "4e75100d-b0f1-48ff-b1b7-104c8f6fafae", "time": "2026-03-05T03:50:48.400370", "agent": "reporting_002", "action": "read_database", "risk": "LOW", "decision": "ALLOW", "signals": {"external": false, "sensitive": false, "policy_override": false}, "policy_version": "v1.0"}
{"decision_id": "a8b36eb2-0f83-487d-b90a-920dfcd4e458", "time": "2026-03-05T03:50:48.400878", "agent": "ingestion_003", "action": "read_database", "risk": "LOW", "decision": "ALLOW", "signals": {"external": false, "sensitive": false, "policy_override": false}, "policy_version": "v1.0"}
{"decision_id": "1ea42804-4199-4b2e-8829-416796a00b6f", "time": "2026-03-05T03:50:48.401346", "agent": "cache_004", "action": "query_warehouse", "risk": "LOW", "decision": "ALLOW", "signals": {"external": false, "sensitive": false, "policy_override": false}, "policy_version": "v1.0"}
{"decision_id": "42afb5fd-08e5-43e5-a628-76c10aaf1d28", "time": "2026-03-05T03:50:48.401806", "agent": "analytics_001", "action": "query_warehouse", "risk": "LOW", "decision": "ALLOW", "signals": {"external": false, "sensitive": false, "policy_override": false}, "policy_version": "v1.0"}
{"decision_id": "3e7d539c-2122-4f98-abd2-b79fc770fa9c", "time": "2026-03-05T03:50:48.402224", "agent": "reporting_002", "action": "query_warehouse", "risk": "LOW", "decision": "ALLOW", "signals": {"external": false, "sensitive": false, "policy_override": false}, "policy_version": "v1.0"}
{"decision_id": "6d950a82-4e4a-42b6-82af-cd40bf5f3e14", "time": "2026-03-05T03:50:48.402618", "agent": "ingestion_003", "action": "read_config", "risk": "LOW", "decision": "ALLOW", "signals": {"external": false, "sensitive": false, "policy_override": false}, "policy_version": "v1.0"}
{"decision_id": "2d02fdb8-f94b-4913-a897-30494cf82a95", "time": "2026-03-05T03:50:48.403015", "agent": "cache_004", "action": "read_config", "risk": "LOW", "decision": "ALLOW", "signals": {"external": false, "sensitive": false, "policy_override": false}, "policy_version": "v1.0"}
{"decision_id": "78f0b1cd-be08-4426-9ee7-ec4b24c808b0", "time": "2026-03-05T03:50:48.403463", "agent": "analytics_001", "action": "read_config", "risk": "LOW", "decision": "ALLOW", "signals": {"external": false, "sensitive": false, "policy_override": false}, "policy_version": "v1.0"}
{"decision_id": "59cc8b98-8ba8-4257-b4a3-1cb28f79173e", "time": "2026-03-05T03:50:48.403934", "agent": "reporting_002", "action": "read_logs", "risk": "LOW", "decision": "ALLOW", "signals": {"external": false, "sensitive": false, "policy_override": false}, "policy_version": "v1.0"}
{"decision_id": "3fc361e1-e375-47c5-a0f4-d760c5668b6c", "time": "2026-03-05T03:50:48.404340", "agent": "ingestion_003", "action": "read_logs", "risk": "LOW", "decision": "ALLOW", "signals": {"external": false, "sensitive": false, "policy_override": false}, "policy_version": "v1.0"}
{"decision_id": "58fd1247-3d0e-4b03-921d-e1c66b3dcbd8", "time": "2026-03-05T03:50:48.404741", "agent": "cache_004", "action": "read_logs", "risk": "LOW", "decision": "ALLOW", "signals": {"external": false, "sensitive": false, "policy_override": false}, "policy_version": "v1.0"}
{"decision_id": "0faaa9a9-4c36-49e6-a4b8-5d40b7b850d7", "time": "2026-03-05T03:50:48.405132", "agent": "analytics_001", "action": "write_cache", "risk": "MEDIUM", "decision": "ALLOW", "signals": {"external": false, "sensitive": false, "policy_override": false}, "policy_version": "v1.0"}
{"decision_id": "277d9450-746a-467b-ae84-ab09efac6c75", "time": "2026-03-05T03:50:48.405554", "agent": "reporting_002", "action": "write_cache", "risk": "MEDIUM", "decision": "ALLOW", "signals": {"external": false, "sensitive": false, "policy_override": false}, "policy_version": "v1.0"}
{"decision_id": "3fb8dbef-e742-48e5-9adf-9a20329d118a", "time": "2026-03-05T03:50:48.405973", "agent": "ingestion_003", "action": "write_cache", "risk": "MEDIUM", "decision": "ALLOW", "signals": {"external": false, "sensitive": false, "policy_override": false}, "policy_version": "v1.0"}
{"decision_id": "67aadd3e-25f3-4f69-95d6-d05cf825f4c2", "time": "2026-03-05T03:50:48.406366", "agent": "cache_004", "action": "update_metrics", "risk": "MEDIUM", "decision": "ALLOW", "signals": {"external": false, "sensitive": false, "policy_override": false}, "policy_version": "v1.0"}
{"decision_id": "4bb8afb1-dd96-456c-8985-6ab0759160de", "time": "2026-03-05T03:50:48.406756", "agent": "analytics_001", "action": "update_metrics", "risk": "MEDIUM", "decision": "ALLOW", "signals": {"external": false, "sensitive": false, "policy_override": false}, "policy_version": "v1.0"}
{"decision_id": "f355785a-6a5c-44f5-ae3d-28ff5a16ce0c", "time": "2026-03-05T03:50:48.407144", "agent": "reporting_002", "action": "update_metrics", "risk": "MEDIUM", "decision": "ALLOW", "signals": {"external": false, "sensitive": false, "policy_override": false}, "policy_version": "v1.0"}
{"decision_id": "c84ad5e4-e8ca-4b49-bd29-cef17a0dfaeb", "time": "2026-03-05T03:50:48.459551", "agent": "ingestion_003", "action": "write_database", "risk": "HIGH", "decision": "REVIEW", "signals": {"external": false, "sensitive": true, "policy_override": false}, "policy_version": "v1.0"}
{"decision_id": "d61149b6-4aec-4924-ab30-109ed0d6ad03", "time": "2026-03-05T03:50:48.461858", "agent": "cache_004", "action": "write_database", "risk": "HIGH", "decision": "REVIEW", "signals": {"external": false, "sensitive": true, "policy_override": false}, "policy_version": "v1.0"}
{"decision_id": "e9e7d8ba-7010-4bcf-9ff4-90364e7a0870", "time": "2026-03-05T03:50:48.462653", "agent": "analytics_001", "action": "write_database", "risk": "HIGH", "decision": "REVIEW", "signals": {"external": false, "sensitive": true, "policy_override": false}, "policy_version": "v1.0"}
{"decision_id": "250046c9-29eb-4929-8685-b2a701a394ab", "time": "2026-03-05T03:50:48.467896", "agent": "reporting_002", "action": "modify_policy", "risk": "CRITICAL", "decision": "HALT", "signals": {"external": false, "sensitive": true, "policy_override": false}, "policy_version": "v1.0"}
{"decision_id": "b9e07bf9-84ca-4dae-aad6-284cd3df5cbe", "time": "2026-03-05T03:50:48.469044", "agent": "ingestion_003", "action": "modify_policy", "risk": "CRITICAL", "decision": "HALT", "signals": {"external": false, "sensitive": true, "policy_override": false}, "policy_version": "v1.0"}
{"decision_id": "198e79af-9e3e-4023-8a7a-d4e843e78b08", "time": "2026-03-05T03:50:48.469599", "agent": "cache_004", "action": "modify_policy", "risk": "CRITICAL", "decision": "HALT", "signals": {"external": false, "sensitive": true, "policy_override": false}, "policy_version": "v1.0"}
{"decision_id": "491bf261-eb21-4bb5-86c9-eb8dcf061478", "time": "2026-03-05T03:50:48.470110", "agent": "analytics_001", "action": "read_database", "risk": "LOW", "decision": "ALLOW", "signals": {"external": false, "sensitive": false, "policy_override": false}, "policy_version": "v1.0"}
{"decision_id": "4fe239d4-d77e-414a-b3e7-f3e7dcdbd67d", "time": "2026-03-05T03:50:48.470547", "agent": "reporting_002", "action": "read_database", "risk": "LOW", "decision": "ALLOW", "signals": {"external": false, "sensitive": false, "policy_override": false}, "policy_version": "v1.0"}
{"decision_id": "8c93436a-659f-499b-8f47-425406d0745b", "time": "2026-03-05T03:50:48.470962", "agent": "ingestion_003", "action": "read_database", "risk": "LOW", "decision": "ALLOW", "signals": {"external": false, "sensitive": false, "policy_override": false}, "policy_version": "v1.0"}
{"decision_id": "cb85820a-9599-4d69-a1e9-c79d38b0df70", "time": "2026-03-05T03:50:48.471377", "agent": "cache_004", "action": "query_warehouse", "risk": "LOW", "decision": "ALLOW", "signals": {"external": false, "sensitive": false, "policy_override": false}, "policy_version": "v1.0"}
{"decision_id": "68078499-3753-48ba-877b-4f6000c5ef35", "time": "2026-03-05T03:50:48.474358", "agent": "analytics_001", "action": "query_warehouse", "risk": "LOW", "decision": "ALLOW", "signals": {"external": false, "sensitive": false, "policy_override": false}, "policy_version": "v1.0"}
{"decision_id": "034cdc66-81b9-4085-bb2f-e9aa75cd19d9", "time": "2026-03-05T03:50:48.476906", "agent": "reporting_002", "action": "query_warehouse", "risk": "LOW", "decision": "ALLOW", "signals": {"external": false, "sensitive": false, "policy_override": false}, "policy_version": "v1.0"}
{"decision_id": "f7683cf3-dce2-439c-ab45-caf94b5f3e3a", "time": "2026-03-05T03:50:48.509575", "agent": "ingestion_003", "action": "read_config", "risk": "LOW", "decision": "ALLOW", "signals": {"external": false, "sensitive": false, "policy_override": false}, "policy_version": "v1.0"}
{"decision_id": "177dd30f-48d4-4831-bc4c-90aa311aac81", "time": "2026-03-05T03:50:48.510144", "agent": "cache_004", "action": "read_config", "risk": "LOW", "decision": "ALLOW", "signals": {"external": false, "sensitive": false, "policy_override": false}, "policy_version": "v1.0"}
{"decision_id": "1c983776-94ee-4764-a76d-6b008cd94390", "time": "2026-03-05T03:50:48.510638", "agent": "analytics_001", "action": "read_config", "risk": "LOW", "decision": "ALLOW", "signals": {"external": false, "sensitive": false, "policy_override": false}, "policy_version": "v1.0"}
{"decision_id": "cd3a35ca-eddd-433d-b887-f8087d30783d", "time": "2026-03-05T03:50:48.511175", "agent": "reporting_002", "action": "read_logs", "risk": "LOW", "decision": "ALLOW", "signals": {"external": false, "sensitive": false, "policy_override": false}, "policy_version": "v1.0"}
{"decision_id": "e52b3961-8f35-40b8-8100-2a2fe68bd940", "time": "2026-03-05T03:50:48.511618", "agent": "ingestion_003", "action": "read_logs", "risk": "LOW", "decision": "ALLOW", "signals": {"external": false, "sensitive": false, "policy_override": false}, "policy_version": "v1.0"}
{"decision_id": "b6ef1757-70dd-4b7a-ab92-782dca974cbf", "time": "2026-03-05T03:50:48.512049", "agent": "cache_004", "action": "read_logs", "risk": "LOW", "decision": "ALLOW", "signals": {"external": false, "sensitive": false, "policy_override": false}, "policy_version": "v1.0"}
{"decision_id": "df29d121-a799-40cd-9e5d-a498c5d73e80", "time": "2026-03-05T03:50:48.512467", "agent": "analytics_001", "action": "write_cache", "risk": "MEDIUM", "decision": "ALLOW", "signals": {"external": false, "sensitive": false, "policy_override": false}, "policy_version": "v1.0"}
{"decision_id": "d0133884-bddf-4d86-a488-41e634f8f451", "time": "2026-03-05T03:50:48.512859", "agent": "reporting_002", "action": "write_cache", "risk": "MEDIUM", "decision": "ALLOW", "signals": {"external": false, "sensitive": false, "policy_override": false}, "policy_version": "v1.0"}
{"decision_id": "0ba26e40-88d7-41dd-9f49-15aa138a4263", "time": "2026-03-05T03:50:48.513616", "agent": "ingestion_003", "action": "write_cache", "risk": "MEDIUM", "decision": "ALLOW", "signals": {"external": false, "sensitive": false, "policy_override": false}, "policy_version": "v1.0"}
{"decision_id": "5610c03d-4548-4b33-8f77-f6d1fe89b541", "time": "2026-03-05T03:50:48.514525", "agent": "cache_004", "action": "update_metrics", "risk": "MEDIUM", "decision": "ALLOW", "signals": {"external": false, "sensitive": false, "policy_override": false}, "policy_version": "v1.0"}
{"decision_id": "92e5229f-c6bf-483d-a486-d66b5a5d0272", "time": "2026-03-05T03:50:48.515058", "agent": "analytics_001", "action": "update_metrics", "risk": "MEDIUM", "decision": "ALLOW", "signals": {"external": false, "sensitive": false, "policy_override": false}, "policy_version": "v1.0"}
{"decision_id": "711eda54-d634-43b2-aecf-f13a1a2e0c74", "time": "2026-03-05T03:50:48.515502", "agent": "reporting_002", "action": "update_metrics", "risk": "MEDIUM", "decision": "ALLOW", "signals": {"external": false, "sensitive": false, "policy_override": false}, "policy_version": "v1.0"}
{"decision_id": "97a410b1-a7aa-4f87-a5f2-4c751786b0e3", "time": "2026-03-05T03:50:48.515920", "agent": "ingestion_003", "action": "write_database", "risk": "HIGH", "decision": "REVIEW", "signals": {"external": false, "sensitive": true, "policy_override": false}, "policy_version": "v1.0"}
{"decision_id": "4e486195-c405-49bb-b85e-3a339d376f16", "time": "2026-03-05T03:50:48.516748", "agent": "cache_004", "action": "write_database", "risk": "HIGH", "decision": "REVIEW", "signals": {"external": false, "sensitive": true, "policy_override": false}, "policy_version": "v1.0"}
{"decision_id": "6909e35b-fab2-4f7d-9f0f-2c70752717a9", "time": "2026-03-05T03:50:48.517183", "agent": "analytics_001", "action": "write_database", "risk": "HIGH", "decision": "REVIEW", "signals": {"external": false, "sensitive": true, "policy_override": false}, "policy_version": "v1.0"}
{"decision_id": "36c85eb6-25e9-4608-b0f0-949fef52c727", "time": "2026-03-05T03:50:48.517588", "agent": "reporting_002", "action": "modify_policy", "risk": "CRITICAL", "decision": "HALT", "signals": {"external": false, "sensitive": true, "policy_override": false}, "policy_version": "v1.0"}
{"decision_id": "26e0d516-0312-4655-bb13-2706728b97b0", "time": "2026-03-05T03:50:48.517983", "agent": "ingestion_003", "action": "modify_policy", "risk": "CRITICAL", "decision": "HALT", "signals": {"external": false, "sensitive": true, "policy_override": false}, "policy_version": "v1.0"}
{"decision_id": "4027df27-b634-4b4e-a942-d1b612cd838a", "time": "2026-03-05T03:50:48.518449", "agent": "cache_004", "action": "modify_policy", "risk": "CRITICAL", "decision": "HALT", "signals": {"external": false, "sensitive": true, "policy_override": false}, "policy_version": "v1.0"}
{"decision_id": "a7d1d651-33dc-4943-bba1-cc5efa8dfc4e", "time": "2026-03-05T03:50:48.518843", "agent": "analytics_001", "action": "read_database", "risk": "LOW", "decision": "ALLOW", "signals": {"external": false, "sensitive": false, "policy_override": false}, "policy_version": "v1.0"}
{"decision_id": "f21960e6-2073-4939-89b4-ade5475d093d", "time": "2026-03-05T03:50:48.519237", "agent": "reporting_002", "action": "read_database", "risk": "LOW", "decision": "ALLOW", "signals": {"external": false, "sensitive": false, "policy_override": false}, "policy_version": "v1.0"}
{"decision_id": "9eb2f43b-024e-4613-9f0a-883dc8ce9103", "time": "2026-03-05T03:50:48.519625", "agent": "ingestion_003", "action": "read_database", "risk": "LOW", "decision": "ALLOW", "signals": {"external": false, "sensitive": false, "policy_override": false}, "policy_version": "v1.0"}
{"decision_id": "ef202470-d5ec-4014-892c-6e84a2805b6e", "time": "2026-03-05T03:50:48.520008", "agent": "cache_004", "action": "query_warehouse", "risk": "LOW", "decision": "ALLOW", "signals": {"external": false, "sensitive": false, "policy_override": false}, "policy_version": "v1.0"}
{"decision_id": "6ca3273b-e2aa-44b1-b941-7bef7d5895dd", "time": "2026-03-05T03:50:48.520426", "agent": "analytics_001", "action": "query_warehouse", "risk": "LOW", "decision": "ALLOW", "signals": {"external": false, "sensitive": false, "policy_override": false}, "policy_version": "v1.0"}
{"decision_id": "baebb9bf-a508-45a5-b945-7cd9231ee410", "time": "2026-03-05T03:50:48.520809", "agent": "reporting_002", "action": "query_warehouse", "risk": "LOW", "decision": "ALLOW", "signals": {"external": false, "sensitive": false, "policy_override": false}, "policy_version": "v1.0"}
{"decision_id": "4460a896-e017-4262-b428-a551e961a2b7", "time": "2026-03-05T03:50:48.521188", "agent": "ingestion_003", "action": "read_config", "risk": "LOW", "decision": "ALLOW", "signals": {"external": false, "sensitive": false, "policy_override": false}, "policy_version": "v1.0"}
{"decision_id": "66514ac5-c52a-4f7b-b13b-46baa36efc89", "time": "2026-03-05T03:50:48.521556", "agent": "cache_004", "action": "read_config", "risk": "LOW", "decision": "ALLOW", "signals": {"external": false, "sensitive": false, "policy_override": false}, "policy_version": "v1.0"}
{"decision_id": "16862460-5542-49d2-b69a-756e22f409d8", "time": "2026-03-05T03:50:48.521941", "agent": "analytics_001", "action": "read_config", "risk": "LOW", "decision": "ALLOW", "signals": {"external": false, "sensitive": false, "policy_override": false}, "policy_version": "v1.0"}
{"decision_id": "3af575ae-d85e-4ee6-b868-887d7192a148", "time": "2026-03-05T03:50:48.522451", "agent": "reporting_002", "action": "read_logs", "risk": "LOW", "decision": "ALLOW", "signals": {"external": false, "sensitive": false, "policy_override": false}, "policy_version": "v1.0"}
{"decision_id": "aae8d9dc-0b36-4513-a88f-e29fd3dd8d92", "time": "2026-03-05T03:50:48.522838", "agent": "ingestion_003", "action": "read_logs", "risk": "LOW", "decision": "ALLOW", "signals": {"external": false, "sensitive": false, "policy_override": false}, "policy_version": "v1.0"}
{"decision_id": "6eeedf60-601e-49df-ae48-63d82a034305", "time": "2026-03-05T03:50:48.523279", "agent": "cache_004", "action": "read_logs", "risk": "LOW", "decision": "ALLOW", "signals": {"external": false, "sensitive": false, "policy_override": false}, "policy_version": "v1.0"}
{"decision_id": "d7ba46ad-2ec3-4695-8306-dc16eb8ac6d8", "time": "2026-03-05T03:50:48.523708", "agent": "analytics_001", "action": "write_cache", "risk": "MEDIUM", "decision": "ALLOW", "signals": {"external": false, "sensitive": false, "policy_override": false}, "policy_version": "v1.0"}
{"decision_id": "6ccff57f-33ac-4d65-996c-337a8ed0f5d4", "time": "2026-03-05T03:50:48.524125", "agent": "reporting_002", "action": "write_cache", "risk": "MEDIUM", "decision": "ALLOW", "signals": {"external": false, "sensitive": false, "policy_override": false}, "policy_version": "v1.0"}
{"decision_id": "ed43ec54-9692-4b40-9b11-73f388289af1", "time": "2026-03-05T03:50:48.524553", "agent": "ingestion_003", "action": "write_cache", "risk": "MEDIUM", "decision": "ALLOW", "signals": {"external": false, "sensitive": false, "policy_override": false}, "policy_version": "v1.0"}
{"decision_id": "a174ba08-269f-46b5-828e-cbeece6bbdfe", "time": "2026-03-05T03:50:48.524950", "agent": "cache_004", "action": "update_metrics", "risk": "MEDIUM", "decision": "ALLOW", "signals": {"external": false, "sensitive": false, "policy_override": false}, "policy_version": "v1.0"}
{"decision_id": "db609554-9d33-4c45-958f-55a63a35535d", "time": "2026-03-05T03:50:48.525331", "agent": "analytics_001", "action": "update_metrics", "risk": "MEDIUM", "decision": "ALLOW", "signals": {"external": false, "sensitive": false, "policy_override": false}, "policy_version": "v1.0"}
{"decision_id": "e971f839-f576-4b0c-b827-df9cafec9df2", "time": "2026-03-05T03:50:48.526921", "agent": "reporting_002", "action": "update_metrics", "risk": "MEDIUM", "decision": "ALLOW", "signals": {"external": false, "sensitive": false, "policy_override": false}, "policy_version": "v1.0"}
{"decision_id": "418a2a38-951f-4f17-8fd5-3974b52e76d5", "time": "2026-03-05T03:50:48.527609", "agent": "ingestion_003", "action": "write_database", "risk": "HIGH", "decision": "REVIEW", "signals": {"external": false, "sensitive": true, "policy_override": false}, "policy_version": "v1.0"}
{"decision_id": "39aee5ce-147f-46bc-91e8-cb9eb80bf677", "time": "2026-03-05T03:50:48.528489", "agent": "cache_004", "action": "write_database", "risk": "HIGH", "decision": "REVIEW", "signals": {"external": false, "sensitive": true, "policy_override": false}, "policy_version": "v1.0"}
{"decision_id": "9aa0b2e1-b5b5-4f52-a058-8af18cb020de", "time": "2026-03-05T03:50:48.528972", "agent": "analytics_001", "action": "write_database", "risk": "HIGH", "decision": "REVIEW", "signals": {"external": false, "sensitive": true, "policy_override": false}, "policy_version": "v1.0"}
{"decision_id": "b18afbe1-015b-44af-932a-d34ddceffc45", "time": "2026-03-05T03:50:48.529420", "agent": "reporting_002", "action": "modify_policy", "risk": "CRITICAL", "decision": "HALT", "signals": {"external": false, "sensitive": true, "policy_override": false}, "policy_version": "v1.0"}
{"decision_id": "ebe424dc-67c4-4ab9-9907-d3636859cff8", "time": "2026-03-05T03:50:48.533329", "agent": "ingestion_003", "action": "modify_policy", "risk": "CRITICAL", "decision": "HALT", "signals": {"external": false, "sensitive": true, "policy_override": false}, "policy_version": "v1.0"}
{"decision_id": "47a41c8b-9ee6-4f65-8a1c-7770c0859f0c", "time": "2026-03-05T03:50:48.534833", "agent": "cache_004", "action": "modify_policy", "risk": "CRITICAL", "decision": "HALT", "signals": {"external": false, "sensitive": true, "policy_override": false}, "policy_version": "v1.0"}
{"decision_id": "277fba41-0840-46e0-b780-83fdd648d94b", "time": "2026-03-05T03:50:48.561712", "agent": "analytics_001", "action": "read_database", "risk": "LOW", "decision": "ALLOW", "signals": {"external": false, "sensitive": false, "policy_override": false}, "policy_version": "v1.0"}
{"decision_id": "e30cfed9-8122-46b9-bb41-5accfb387021", "time": "2026-03-05T03:50:48.562342", "agent": "reporting_002", "action": "read_database", "risk": "LOW", "decision": "ALLOW", "signals": {"external": false, "sensitive": false, "policy_override": false}, "policy_version": "v1.0"}
{"decision_id": "07ea398a-45be-4143-877e-4590575efe67", "time": "2026-03-05T03:50:48.562930", "agent": "ingestion_003", "action": "read_database", "risk": "LOW", "decision": "ALLOW", "signals": {"external": false, "sensitive": false, "policy_override": false}, "policy_version": "v1.0"}
{"decision_id": "ac4bdc85-d9eb-43e2-ad6a-982a0ac429d7", "time": "2026-03-05T03:50:48.563494", "agent": "cache_004", "action": "query_warehouse", "risk": "LOW", "decision": "ALLOW", "signals": {"external": false, "sensitive": false, "policy_override": false}, "policy_version": "v1.0"}
{"decision_id": "6ddac77f-457c-4f10-abc1-f9ff931b746d", "time": "2026-03-05T03:50:48.563933", "agent": "analytics_001", "action": "query_warehouse", "risk": "LOW", "decision": "ALLOW", "signals": {"external": false, "sensitive": false, "policy_override": false}, "policy_version": "v1.0"}
{"decision_id": "85ab85d3-1031-4828-9a85-3c84a50d59c2", "time": "2026-03-05T03:50:48.564385", "agent": "reporting_002", "action": "query_warehouse", "risk": "LOW", "decision": "ALLOW", "signals": {"external": false, "sensitive": false, "policy_override": false}, "policy_version": "v1.0"}
{"decision_id": "eab83dcb-7705-4d0f-8d2e-d040416ff6c4", "time": "2026-03-05T03:50:48.564834", "agent": "ingestion_003", "action": "read_config", "risk": "LOW", "decision": "ALLOW", "signals": {"external": false, "sensitive": false, "policy_override": false}, "policy_version": "v1.0"}
{"decision_id": "2db6727a-2d83-4b37-bd90-b747360f6e57", "time": "2026-03-05T03:50:48.579219", "agent": "cache_004", "action": "read_config", "risk": "LOW", "decision": "ALLOW", "signals": {"external": false, "sensitive": false, "policy_override": false}, "policy_version": "v1.0"}
{"decision_id": "2981ebd1-b079-4dca-9306-441a41f4eafc", "time": "2026-03-05T03:50:48.614536", "agent": "analytics_001", "action": "read_config", "risk": "LOW", "decision": "ALLOW", "signals": {"external": false, "sensitive": false, "policy_override": false}, "policy_version": "v1.0"}
{"decision_id": "965052b1-3d79-473f-ac87-d91608a7f317", "time": "2026-03-05T03:50:48.615370", "agent": "reporting_002", "action": "read_logs", "risk": "LOW", "decision": "ALLOW", "signals": {"external": false, "sensitive": false, "policy_override": false}, "policy_version": "v1.0"}
{"decision_id": "33da1b6c-bbf2-4f37-856c-9785199fed98", "time": "2026-03-05T03:50:48.616061", "agent": "ingestion_003", "action": "read_logs", "risk": "LOW", "decision": "ALLOW", "signals": {"external": false, "sensitive": false, "policy_override": false}, "policy_version": "v1.0"}
{"decision_id": "439577cb-39b6-48eb-ade6-69f5f63c25db", "time": "2026-03-05T03:50:48.618204", "agent": "cache_004", "action": "read_logs", "risk": "LOW", "decision": "ALLOW", "signals": {"external": false, "sensitive": false, "policy_override": false}, "policy_version": "v1.0"}
{"decision_id": "af6d20e4-b5d5-491a-9457-68dc1f92709e", "time": "2026-03-05T03:50:48.619135", "agent": "analytics_001", "action": "write_cache", "risk": "MEDIUM", "decision": "ALLOW", "signals": {"external": false, "sensitive": false, "policy_override": false}, "policy_version": "v1.0"}
{"decision_id": "31ae3621-2ccc-4b1b-8b3e-07784f290673", "time": "2026-03-05T03:50:48.619622", "agent": "reporting_002", "action": "write_cache", "risk": "MEDIUM", "decision": "ALLOW", "signals": {"external": false, "sensitive": false, "policy_override": false}, "policy_version": "v1.0"}
{"decision_id": "e12717e1-1b0a-4bc9-9cf5-474487abfa3c", "time": "2026-03-05T03:50:48.620039", "agent": "ingestion_003", "action": "write_cache", "risk": "MEDIUM", "decision": "ALLOW", "signals": {"external": false, "sensitive": false, "policy_override": false}, "policy_version": "v1.0"}
{"decision_id": "0c4a19c9-4949-4fb2-a5e5-9dfbee491be0", "time": "2026-03-05T03:50:48.620439", "agent": "cache_004", "action": "update_metrics", "risk": "MEDIUM", "decision": "ALLOW", "signals": {"external": false, "sensitive": false, "policy_override": false}, "policy_version": "v1.0"}
{"decision_id": "603b39e2-ac66-43f7-bbdf-ca853d5a8dde", "time": "2026-03-05T03:50:48.620825", "agent": "analytics_001", "action": "update_metrics", "risk": "MEDIUM", "decision": "ALLOW", "signals": {"external": false, "sensitive": false, "policy_override": false}, "policy_version": "v1.0"}
{"decision_id": "f22e4ff8-ecb1-4bde-b489-7739f54b82f3", "time": "2026-03-05T03:50:48.621257", "agent": "reporting_002", "action": "update_metrics", "risk": "MEDIUM", "decision": "ALLOW", "signals": {"external": false, "sensitive": false, "policy_override": false}, "policy_version": "v1.0"}
{"decision_id": "a6039d0d-e432-42d9-9b88-131023f83178", "time": "2026-03-05T03:50:48.622708", "agent": "ingestion_003", "action": "write_database", "risk": "HIGH", "decision": "REVIEW", "signals": {"external": false, "sensitive": true, "policy_override": false}, "policy_version": "v1.0"}
{"decision_id": "15ec6dc8-8a0e-4f3f-9219-de812543dea1", "time": "2026-03-05T03:50:48.623231", "agent": "cache_004", "action": "write_database", "risk": "HIGH", "decision": "REVIEW", "signals": {"external": false, "sensitive": true, "policy_override": false}, "policy_version": "v1.0"}
{"decision_id": "ad08fe2e-e54a-4b6b-a84d-a8e15cba7ccb", "time": "2026-03-05T03:50:48.623716", "agent": "analytics_001", "action": "write_database", "risk": "HIGH", "decision": "REVIEW", "signals": {"external": false, "sensitive": true, "policy_override": false}, "policy_version": "v1.0"}
{"decision_id": "9a870cb7-4460-4286-9c5e-8d5a28758841", "time": "2026-03-05T03:50:48.624149", "agent": "reporting_002", "action": "modify_policy", "risk": "CRITICAL", "decision": "HALT", "signals": {"external": false, "sensitive": true, "policy_override": false}, "policy_version": "v1.0"}
{"decision_id": "98f551db-80ba-4a2f-83cf-fd417ee9a06b", "time": "2026-03-05T03:50:48.624526", "agent": "ingestion_003", "action": "modify_policy", "risk": "CRITICAL", "decision": "HALT", "signals": {"external": false, "sensitive": true, "policy_override": false}, "policy_version": "v1.0"}
{"decision_id": "1de19f0d-e8b3-45fb-8c0b-261b89a1fba0", "time": "2026-03-05T03:50:48.624940", "agent": "cache_004", "action": "modify_policy", "risk": "CRITICAL", "decision": "HALT", "signals": {"external": false, "sensitive": true, "policy_override": false}, "policy_version": "v1.0"}
{"decision_id": "c4cd8674-8f2b-48bb-8364-3ded40bc6e85", "time": "2026-03-05T03:50:48.626076", "agent": "analytics_001", "action": "read_database", "risk": "LOW", "decision": "ALLOW", "signals": {"external": false, "sensitive": false, "policy_override": false}, "policy_version": "v1.0"}
{"decision_id": "6d552998-eeb4-4564-8853-604c32ee8fbe", "time": "2026-03-05T03:50:48.626746", "agent": "reporting_002", "action": "read_database", "risk": "LOW", "decision": "ALLOW", "signals": {"external": false, "sensitive": false, "policy_override": false}, "policy_version": "v1.0"}
{"decision_id": "5d8abaf9-af95-44f8-a968-4a39aa4c5bdd", "time": "2026-03-05T03:50:48.627158", "agent": "ingestion_003", "action": "read_database", "risk": "LOW", "decision": "ALLOW", "signals": {"external": false, "sensitive": false, "policy_override": false}, "policy_version": "v1.0"}
{"decision_id": "1d1600c4-33f9-4b30-b550-6995b20a0302", "time": "2026-03-05T03:50:48.627559", "agent": "cache_004", "action": "query_warehouse", "risk": "LOW", "decision": "ALLOW", "signals": {"external": false, "sensitive": false, "policy_override": false}, "policy_version": "v1.0"}
{"decision_id": "fa8ec089-545b-4610-907a-1fe071f68ccb", "time": "2026-03-05T03:50:48.628458", "agent": "analytics_001", "action": "query_warehouse", "risk": "LOW", "decision": "ALLOW", "signals": {"external": false, "sensitive": false, "policy_override": false}, "policy_version": "v1.0"}
{"decision_id": "c656441c-241a-4f24-96c2-c3bcc0e8c2bc", "time": "2026-03-05T03:50:48.628942", "agent": "reporting_002", "action": "query_warehouse", "risk": "LOW", "decision": "ALLOW", "signals": {"external": false, "sensitive": false, "policy_override": false}, "policy_version": "v1.0"}
